[debug] [2018-04-15T18:47:43.377Z] ----------------------------------------------------------------------
[debug] [2018-04-15T18:47:43.395Z] Command:       C:\Program Files\nodejs\node.exe C:\Users\User1\AppData\Roaming\npm\node_modules\firebase-tools\bin\firebase deploy
[debug] [2018-04-15T18:47:43.395Z] CLI Version:   3.18.4
[debug] [2018-04-15T18:47:43.395Z] Platform:      win32
[debug] [2018-04-15T18:47:43.395Z] Node Version:  v8.9.1
[debug] [2018-04-15T18:47:43.396Z] Time:          Mon Apr 16 2018 00:17:43 GMT+0530 (India Standard Time)
[debug] [2018-04-15T18:47:43.396Z] ----------------------------------------------------------------------
[debug] 
[debug] [2018-04-15T18:47:43.503Z] > command requires scopes: ["email","openid","https://www.googleapis.com/auth/cloudplatformprojects.readonly","https://www.googleapis.com/auth/firebase","https://www.googleapis.com/auth/cloud-platform"]
[debug] [2018-04-15T18:47:43.503Z] > authorizing via signed-in user
[debug] [2018-04-15T18:47:43.508Z] > refreshing access token with scopes: ["email","https://www.googleapis.com/auth/cloud-platform","https://www.googleapis.com/auth/cloudplatformprojects.readonly","https://www.googleapis.com/auth/firebase","openid"]
[debug] [2018-04-15T18:47:43.509Z] >>> HTTP REQUEST POST https://www.googleapis.com/oauth2/v3/token  
 { refresh_token: '1/EoTS1RF2g4EFO998hxlK-nHR-pu9J9S3uEX8wnJOZQQ',
  client_id: '563584335869-fgrhgmd47bqnekij5i8b5pr03ho849e6.apps.googleusercontent.com',
  client_secret: 'j9iVZfS8kkCEFUPaAeJV0sAi',
  grant_type: 'refresh_token',
  scope: 'email https://www.googleapis.com/auth/cloud-platform https://www.googleapis.com/auth/cloudplatformprojects.readonly https://www.googleapis.com/auth/firebase openid' } 
 Mon Apr 16 2018 00:17:43 GMT+0530 (India Standard Time)
[debug] [2018-04-15T18:47:44.361Z] <<< HTTP RESPONSE 200
[debug] [2018-04-15T18:47:44.625Z] >>> HTTP REQUEST GET https://admin.firebase.com/v1/projects/utpann2k18  
  
 Mon Apr 16 2018 00:17:44 GMT+0530 (India Standard Time)
[debug] [2018-04-15T18:47:46.828Z] <<< HTTP RESPONSE 200
[debug] [2018-04-15T18:47:46.829Z] >>> HTTP REQUEST GET https://admin.firebase.com/v1/database/utpann2k18/tokens  
  
 Mon Apr 16 2018 00:17:46 GMT+0530 (India Standard Time)
[debug] [2018-04-15T18:47:48.303Z] <<< HTTP RESPONSE 200
[info] 
[info] === Deploying to 'utpann2k18'...
[info] 
[info] i  deploying hosting
[info] i  hosting: preparing public directory for upload...
[debug] [2018-04-15T18:47:52.723Z] Error: EPERM: operation not permitted, open 'E:\Utpann\public\index.html'
[error] 
[error] Error: There was an issue preparing Hosting files for upload.
